[     359ms] [ERROR] No CSRF Cookie found. @ https://app-na2.hubspot.com/private-apps/245385130:3
[     360ms] [ERROR] No CSRF Cookie found. @ https://app-na2.hubspot.com/private-apps/245385130:3
[     361ms] [ERROR] No CSRF Cookie found. @ https://app-na2.hubspot.com/private-apps/245385130:3
[     361ms] [ERROR] No CSRF Cookie found. @ https://app-na2.hubspot.com/private-apps/245385130:3
[     362ms] [ERROR] No CSRF Cookie found. @ https://app-na2.hubspot.com/private-apps/245385130:3
[     476ms] [ERROR] Failed to load resource: the server responded with a status of 401 () @ https://app-na2.hubspot.com/api/login-verify/hub-user-info?early=true&hs_static_app=private-apps-ui&hs_static_app_version=1.26918&portalId=245385130&clienttimeout=3000:0
[     488ms] [ERROR] Failed to load resource: the server responded with a status of 401 () @ https://app-na2.hubspot.com/api/apps-hublets/v3/portal/project-associations?hs_static_app=private-apps-ui&hs_static_app_version=1.26918&portalId=245385130:0
[     490ms] [ERROR] Failed to load resource: the server responded with a status of 401 () @ https://app-na2.hubspot.com/api/optins/v1/availability/NewSettings?hs_static_app=private-apps-ui&hs_static_app_version=1.26918&portalId=245385130&clienttimeout=15000:0
[     693ms] [ERROR] [hub-http] EarlyRequester token refresh attempt failed with status 401:  @ https://static.hsappstatic.net/hubspot-dlb/static-2.1786/bundle.production.js:0
[     701ms] [ERROR] Failed to load resource: the server responded with a status of 401 () @ https://app-na2.hubspot.com/api/apps-dev/private/v3/limit?hs_static_app=private-apps-ui&hs_static_app_version=1.26918&portalId=245385130:0
[     756ms] [ERROR] Failed to load resource: the server responded with a status of 401 () @ https://app-na2.hubspot.com/api/apps-dev/private/v3/portal/with-user-access?hs_static_app=private-apps-ui&hs_static_app_version=1.26918&portalId=245385130:0
[     807ms] [ERROR] Failed to load resource: the server responded with a status of 401 () @ https://app-na2.hubspot.com/api/login-verify/hub-user-info?portalId=245385130&hs_static_app=private-apps-ui&hs_static_app_version=1.26918&skipMigrationCheck=false:0
[     811ms] Error: Aborting: redirection in progress
    at u (https://static.hsappstatic.net/hubspot-dlb/static-2.1786/bundle.production.js:1:16081)
    at w (https://static.hsappstatic.net/hubspot-dlb/static-2.1786/bundle.production.js:1:49331)
    at https://static.hsappstatic.net/hubspot-dlb/static-2.1786/bundle.production.js:1:49449
    at https://static.hsappstatic.net/hubspot-dlb/static-2.1786/bundle.production.js:1:23802
    at async Ve (https://static.hsappstatic.net/private-apps-ui/static-1.26918/app.js:25:4103)
    at async Ca (https://static.hsappstatic.net/private-apps-ui/static-1.26918/app.js:25:27242)
[    1014ms] [WARNING] [quick-fetch] quickFetchScript was not included or running in Node.js environment. Falling back to stubbed implementation. @ https://static.hsappstatic.net/LoginUI/static-1.14525/bundles/project.js:1
[    1429ms] [ERROR] Failed to load resource: the server responded with a status of 401 () @ https://api-na2.hubspot.com/login-api/v1/bypass/hubless?clienttimeout=14000&hs_static_app=LoginUI&hs_static_app_version=1.14525:0
