[    6203ms] Uncaught Error: Minified React error #425; visit https://reactjs.org/docs/error-decoder.html?invariant=425 for the full message or use the non-minified dev environment for full errors and additional helpful warnings.
    at r_ (https://cdn.jotfor.ms/s/headerapp/99289350e31/static/js/49721.fed21368.js:0:362248)
    at <anonymous> (https://cdn.jotfor.ms/s/headerapp/99289350e31/static/js/49721.fed21368.js:0:422627)
    at sD (https://cdn.jotfor.ms/s/headerapp/99289350e31/static/js/49721.fed21368.js:0:428136)
    at sM (https://cdn.jotfor.ms/s/headerapp/99289350e31/static/js/49721.fed21368.js:0:421086)
    at sI (https://cdn.jotfor.ms/s/headerapp/99289350e31/static/js/49721.fed21368.js:0:420896)
    at sS (https://cdn.jotfor.ms/s/headerapp/99289350e31/static/js/49721.fed21368.js:0:415969)
    at k (https://cdn.jotfor.ms/s/headerapp/99289350e31/static/js/49721.fed21368.js:0:467372)
    at R (https://cdn.jotfor.ms/s/headerapp/99289350e31/static/js/49721.fed21368.js:0:467893)
[    6205ms] Uncaught Error: Minified React error #418; visit https://reactjs.org/docs/error-decoder.html?invariant=418 for the full message or use the non-minified dev environment for full errors and additional helpful warnings.
    at iy (https://cdn.jotfor.ms/s/headerapp/99289350e31/static/js/49721.fed21368.js:0:368539)
    at u (https://cdn.jotfor.ms/s/headerapp/99289350e31/static/js/49721.fed21368.js:0:443042)
    at sM (https://cdn.jotfor.ms/s/headerapp/99289350e31/static/js/49721.fed21368.js:0:421026)
    at sI (https://cdn.jotfor.ms/s/headerapp/99289350e31/static/js/49721.fed21368.js:0:420896)
    at sS (https://cdn.jotfor.ms/s/headerapp/99289350e31/static/js/49721.fed21368.js:0:415969)
    at k (https://cdn.jotfor.ms/s/headerapp/99289350e31/static/js/49721.fed21368.js:0:467372)
    at R (https://cdn.jotfor.ms/s/headerapp/99289350e31/static/js/49721.fed21368.js:0:467893)
[    6206ms] Uncaught Error: Minified React error #418; visit https://reactjs.org/docs/error-decoder.html?invariant=418 for the full message or use the non-minified dev environment for full errors and additional helpful warnings.
    at iy (https://cdn.jotfor.ms/s/headerapp/99289350e31/static/js/49721.fed21368.js:0:368539)
    at u (https://cdn.jotfor.ms/s/headerapp/99289350e31/static/js/49721.fed21368.js:0:443042)
    at sM (https://cdn.jotfor.ms/s/headerapp/99289350e31/static/js/49721.fed21368.js:0:421026)
    at sI (https://cdn.jotfor.ms/s/headerapp/99289350e31/static/js/49721.fed21368.js:0:420896)
    at sS (https://cdn.jotfor.ms/s/headerapp/99289350e31/static/js/49721.fed21368.js:0:415969)
    at k (https://cdn.jotfor.ms/s/headerapp/99289350e31/static/js/49721.fed21368.js:0:467372)
    at R (https://cdn.jotfor.ms/s/headerapp/99289350e31/static/js/49721.fed21368.js:0:467893)
[    6206ms] Uncaught Error: Minified React error #418; visit https://reactjs.org/docs/error-decoder.html?invariant=418 for the full message or use the non-minified dev environment for full errors and additional helpful warnings.
    at iy (https://cdn.jotfor.ms/s/headerapp/99289350e31/static/js/49721.fed21368.js:0:368539)
    at u (https://cdn.jotfor.ms/s/headerapp/99289350e31/static/js/49721.fed21368.js:0:443042)
    at sM (https://cdn.jotfor.ms/s/headerapp/99289350e31/static/js/49721.fed21368.js:0:421026)
    at sI (https://cdn.jotfor.ms/s/headerapp/99289350e31/static/js/49721.fed21368.js:0:420896)
    at sS (https://cdn.jotfor.ms/s/headerapp/99289350e31/static/js/49721.fed21368.js:0:415969)
    at k (https://cdn.jotfor.ms/s/headerapp/99289350e31/static/js/49721.fed21368.js:0:467372)
    at R (https://cdn.jotfor.ms/s/headerapp/99289350e31/static/js/49721.fed21368.js:0:467893)
[    6207ms] Uncaught Error: Minified React error #418; visit https://reactjs.org/docs/error-decoder.html?invariant=418 for the full message or use the non-minified dev environment for full errors and additional helpful warnings.
    at iy (https://cdn.jotfor.ms/s/headerapp/99289350e31/static/js/49721.fed21368.js:0:368539)
    at u (https://cdn.jotfor.ms/s/headerapp/99289350e31/static/js/49721.fed21368.js:0:443042)
    at sM (https://cdn.jotfor.ms/s/headerapp/99289350e31/static/js/49721.fed21368.js:0:421026)
    at sI (https://cdn.jotfor.ms/s/headerapp/99289350e31/static/js/49721.fed21368.js:0:420896)
    at sS (https://cdn.jotfor.ms/s/headerapp/99289350e31/static/js/49721.fed21368.js:0:415969)
    at k (https://cdn.jotfor.ms/s/headerapp/99289350e31/static/js/49721.fed21368.js:0:467372)
    at R (https://cdn.jotfor.ms/s/headerapp/99289350e31/static/js/49721.fed21368.js:0:467893)
[    6207ms] Uncaught Error: Minified React error #418; visit https://reactjs.org/docs/error-decoder.html?invariant=418 for the full message or use the non-minified dev environment for full errors and additional helpful warnings.
    at iy (https://cdn.jotfor.ms/s/headerapp/99289350e31/static/js/49721.fed21368.js:0:368539)
    at u (https://cdn.jotfor.ms/s/headerapp/99289350e31/static/js/49721.fed21368.js:0:443042)
    at sM (https://cdn.jotfor.ms/s/headerapp/99289350e31/static/js/49721.fed21368.js:0:421026)
    at sI (https://cdn.jotfor.ms/s/headerapp/99289350e31/static/js/49721.fed21368.js:0:420896)
    at sS (https://cdn.jotfor.ms/s/headerapp/99289350e31/static/js/49721.fed21368.js:0:415969)
    at k (https://cdn.jotfor.ms/s/headerapp/99289350e31/static/js/49721.fed21368.js:0:467372)
    at R (https://cdn.jotfor.ms/s/headerapp/99289350e31/static/js/49721.fed21368.js:0:467893)
[    6207ms] Uncaught Error: Minified React error #418; visit https://reactjs.org/docs/error-decoder.html?invariant=418 for the full message or use the non-minified dev environment for full errors and additional helpful warnings.
    at iy (https://cdn.jotfor.ms/s/headerapp/99289350e31/static/js/49721.fed21368.js:0:368539)
    at u (https://cdn.jotfor.ms/s/headerapp/99289350e31/static/js/49721.fed21368.js:0:443042)
    at sM (https://cdn.jotfor.ms/s/headerapp/99289350e31/static/js/49721.fed21368.js:0:421026)
    at sI (https://cdn.jotfor.ms/s/headerapp/99289350e31/static/js/49721.fed21368.js:0:420896)
    at sS (https://cdn.jotfor.ms/s/headerapp/99289350e31/static/js/49721.fed21368.js:0:415969)
    at k (https://cdn.jotfor.ms/s/headerapp/99289350e31/static/js/49721.fed21368.js:0:467372)
    at R (https://cdn.jotfor.ms/s/headerapp/99289350e31/static/js/49721.fed21368.js:0:467893)
[    6207ms] Uncaught Error: Minified React error #418; visit https://reactjs.org/docs/error-decoder.html?invariant=418 for the full message or use the non-minified dev environment for full errors and additional helpful warnings.
    at iy (https://cdn.jotfor.ms/s/headerapp/99289350e31/static/js/49721.fed21368.js:0:368539)
    at u (https://cdn.jotfor.ms/s/headerapp/99289350e31/static/js/49721.fed21368.js:0:443042)
    at sM (https://cdn.jotfor.ms/s/headerapp/99289350e31/static/js/49721.fed21368.js:0:421026)
    at sI (https://cdn.jotfor.ms/s/headerapp/99289350e31/static/js/49721.fed21368.js:0:420896)
    at sS (https://cdn.jotfor.ms/s/headerapp/99289350e31/static/js/49721.fed21368.js:0:415969)
    at k (https://cdn.jotfor.ms/s/headerapp/99289350e31/static/js/49721.fed21368.js:0:467372)
    at R (https://cdn.jotfor.ms/s/headerapp/99289350e31/static/js/49721.fed21368.js:0:467893)
[    6207ms] Uncaught Error: Minified React error #418; visit https://reactjs.org/docs/error-decoder.html?invariant=418 for the full message or use the non-minified dev environment for full errors and additional helpful warnings.
    at iy (https://cdn.jotfor.ms/s/headerapp/99289350e31/static/js/49721.fed21368.js:0:368539)
    at u (https://cdn.jotfor.ms/s/headerapp/99289350e31/static/js/49721.fed21368.js:0:443042)
    at sM (https://cdn.jotfor.ms/s/headerapp/99289350e31/static/js/49721.fed21368.js:0:421026)
    at sI (https://cdn.jotfor.ms/s/headerapp/99289350e31/static/js/49721.fed21368.js:0:420896)
    at sS (https://cdn.jotfor.ms/s/headerapp/99289350e31/static/js/49721.fed21368.js:0:415969)
    at k (https://cdn.jotfor.ms/s/headerapp/99289350e31/static/js/49721.fed21368.js:0:467372)
    at R (https://cdn.jotfor.ms/s/headerapp/99289350e31/static/js/49721.fed21368.js:0:467893)
[    6208ms] Uncaught Error: Minified React error #418; visit https://reactjs.org/docs/error-decoder.html?invariant=418 for the full message or use the non-minified dev environment for full errors and additional helpful warnings.
    at iy (https://cdn.jotfor.ms/s/headerapp/99289350e31/static/js/49721.fed21368.js:0:368539)
    at u (https://cdn.jotfor.ms/s/headerapp/99289350e31/static/js/49721.fed21368.js:0:443042)
    at sM (https://cdn.jotfor.ms/s/headerapp/99289350e31/static/js/49721.fed21368.js:0:421026)
    at sI (https://cdn.jotfor.ms/s/headerapp/99289350e31/static/js/49721.fed21368.js:0:420896)
    at sS (https://cdn.jotfor.ms/s/headerapp/99289350e31/static/js/49721.fed21368.js:0:415969)
    at k (https://cdn.jotfor.ms/s/headerapp/99289350e31/static/js/49721.fed21368.js:0:467372)
    at R (https://cdn.jotfor.ms/s/headerapp/99289350e31/static/js/49721.fed21368.js:0:467893)
[    6208ms] Uncaught Error: Minified React error #418; visit https://reactjs.org/docs/error-decoder.html?invariant=418 for the full message or use the non-minified dev environment for full errors and additional helpful warnings.
    at iy (https://cdn.jotfor.ms/s/headerapp/99289350e31/static/js/49721.fed21368.js:0:368539)
    at u (https://cdn.jotfor.ms/s/headerapp/99289350e31/static/js/49721.fed21368.js:0:443042)
    at sM (https://cdn.jotfor.ms/s/headerapp/99289350e31/static/js/49721.fed21368.js:0:421026)
    at sI (https://cdn.jotfor.ms/s/headerapp/99289350e31/static/js/49721.fed21368.js:0:420896)
    at sS (https://cdn.jotfor.ms/s/headerapp/99289350e31/static/js/49721.fed21368.js:0:415969)
    at k (https://cdn.jotfor.ms/s/headerapp/99289350e31/static/js/49721.fed21368.js:0:467372)
    at R (https://cdn.jotfor.ms/s/headerapp/99289350e31/static/js/49721.fed21368.js:0:467893)
[    6208ms] Uncaught Error: Minified React error #418; visit https://reactjs.org/docs/error-decoder.html?invariant=418 for the full message or use the non-minified dev environment for full errors and additional helpful warnings.
    at iy (https://cdn.jotfor.ms/s/headerapp/99289350e31/static/js/49721.fed21368.js:0:368539)
    at u (https://cdn.jotfor.ms/s/headerapp/99289350e31/static/js/49721.fed21368.js:0:443042)
    at sM (https://cdn.jotfor.ms/s/headerapp/99289350e31/static/js/49721.fed21368.js:0:421026)
    at sI (https://cdn.jotfor.ms/s/headerapp/99289350e31/static/js/49721.fed21368.js:0:420896)
    at sS (https://cdn.jotfor.ms/s/headerapp/99289350e31/static/js/49721.fed21368.js:0:415969)
    at k (https://cdn.jotfor.ms/s/headerapp/99289350e31/static/js/49721.fed21368.js:0:467372)
    at R (https://cdn.jotfor.ms/s/headerapp/99289350e31/static/js/49721.fed21368.js:0:467893)
[    6208ms] Uncaught Error: Minified React error #418; visit https://reactjs.org/docs/error-decoder.html?invariant=418 for the full message or use the non-minified dev environment for full errors and additional helpful warnings.
    at iy (https://cdn.jotfor.ms/s/headerapp/99289350e31/static/js/49721.fed21368.js:0:368539)
    at u (https://cdn.jotfor.ms/s/headerapp/99289350e31/static/js/49721.fed21368.js:0:443042)
    at sM (https://cdn.jotfor.ms/s/headerapp/99289350e31/static/js/49721.fed21368.js:0:421026)
    at sI (https://cdn.jotfor.ms/s/headerapp/99289350e31/static/js/49721.fed21368.js:0:420896)
    at sS (https://cdn.jotfor.ms/s/headerapp/99289350e31/static/js/49721.fed21368.js:0:415969)
    at k (https://cdn.jotfor.ms/s/headerapp/99289350e31/static/js/49721.fed21368.js:0:467372)
    at R (https://cdn.jotfor.ms/s/headerapp/99289350e31/static/js/49721.fed21368.js:0:467893)
[    6208ms] Uncaught Error: Minified React error #418; visit https://reactjs.org/docs/error-decoder.html?invariant=418 for the full message or use the non-minified dev environment for full errors and additional helpful warnings.
    at iy (https://cdn.jotfor.ms/s/headerapp/99289350e31/static/js/49721.fed21368.js:0:368539)
    at u (https://cdn.jotfor.ms/s/headerapp/99289350e31/static/js/49721.fed21368.js:0:443042)
    at sM (https://cdn.jotfor.ms/s/headerapp/99289350e31/static/js/49721.fed21368.js:0:421026)
    at sI (https://cdn.jotfor.ms/s/headerapp/99289350e31/static/js/49721.fed21368.js:0:420896)
    at sS (https://cdn.jotfor.ms/s/headerapp/99289350e31/static/js/49721.fed21368.js:0:415969)
    at k (https://cdn.jotfor.ms/s/headerapp/99289350e31/static/js/49721.fed21368.js:0:467372)
    at R (https://cdn.jotfor.ms/s/headerapp/99289350e31/static/js/49721.fed21368.js:0:467893)
[    6208ms] Uncaught Error: Minified React error #418; visit https://reactjs.org/docs/error-decoder.html?invariant=418 for the full message or use the non-minified dev environment for full errors and additional helpful warnings.
    at iy (https://cdn.jotfor.ms/s/headerapp/99289350e31/static/js/49721.fed21368.js:0:368539)
    at u (https://cdn.jotfor.ms/s/headerapp/99289350e31/static/js/49721.fed21368.js:0:443042)
    at sM (https://cdn.jotfor.ms/s/headerapp/99289350e31/static/js/49721.fed21368.js:0:421026)
    at sI (https://cdn.jotfor.ms/s/headerapp/99289350e31/static/js/49721.fed21368.js:0:420896)
    at sS (https://cdn.jotfor.ms/s/headerapp/99289350e31/static/js/49721.fed21368.js:0:415969)
    at k (https://cdn.jotfor.ms/s/headerapp/99289350e31/static/js/49721.fed21368.js:0:467372)
    at R (https://cdn.jotfor.ms/s/headerapp/99289350e31/static/js/49721.fed21368.js:0:467893)
[    6209ms] Uncaught Error: Minified React error #418; visit https://reactjs.org/docs/error-decoder.html?invariant=418 for the full message or use the non-minified dev environment for full errors and additional helpful warnings.
    at iy (https://cdn.jotfor.ms/s/headerapp/99289350e31/static/js/49721.fed21368.js:0:368539)
    at u (https://cdn.jotfor.ms/s/headerapp/99289350e31/static/js/49721.fed21368.js:0:443042)
    at sM (https://cdn.jotfor.ms/s/headerapp/99289350e31/static/js/49721.fed21368.js:0:421026)
    at sI (https://cdn.jotfor.ms/s/headerapp/99289350e31/static/js/49721.fed21368.js:0:420896)
    at sS (https://cdn.jotfor.ms/s/headerapp/99289350e31/static/js/49721.fed21368.js:0:415969)
    at k (https://cdn.jotfor.ms/s/headerapp/99289350e31/static/js/49721.fed21368.js:0:467372)
    at R (https://cdn.jotfor.ms/s/headerapp/99289350e31/static/js/49721.fed21368.js:0:467893)
[    6209ms] Uncaught Error: Minified React error #418; visit https://reactjs.org/docs/error-decoder.html?invariant=418 for the full message or use the non-minified dev environment for full errors and additional helpful warnings.
    at iy (https://cdn.jotfor.ms/s/headerapp/99289350e31/static/js/49721.fed21368.js:0:368539)
    at u (https://cdn.jotfor.ms/s/headerapp/99289350e31/static/js/49721.fed21368.js:0:443042)
    at sM (https://cdn.jotfor.ms/s/headerapp/99289350e31/static/js/49721.fed21368.js:0:421026)
    at sI (https://cdn.jotfor.ms/s/headerapp/99289350e31/static/js/49721.fed21368.js:0:420896)
    at sS (https://cdn.jotfor.ms/s/headerapp/99289350e31/static/js/49721.fed21368.js:0:415969)
    at k (https://cdn.jotfor.ms/s/headerapp/99289350e31/static/js/49721.fed21368.js:0:467372)
    at R (https://cdn.jotfor.ms/s/headerapp/99289350e31/static/js/49721.fed21368.js:0:467893)
[    6209ms] Uncaught Error: Minified React error #418; visit https://reactjs.org/docs/error-decoder.html?invariant=418 for the full message or use the non-minified dev environment for full errors and additional helpful warnings.
    at iy (https://cdn.jotfor.ms/s/headerapp/99289350e31/static/js/49721.fed21368.js:0:368539)
    at u (https://cdn.jotfor.ms/s/headerapp/99289350e31/static/js/49721.fed21368.js:0:443042)
    at sM (https://cdn.jotfor.ms/s/headerapp/99289350e31/static/js/49721.fed21368.js:0:421026)
    at sI (https://cdn.jotfor.ms/s/headerapp/99289350e31/static/js/49721.fed21368.js:0:420896)
    at sS (https://cdn.jotfor.ms/s/headerapp/99289350e31/static/js/49721.fed21368.js:0:415969)
    at k (https://cdn.jotfor.ms/s/headerapp/99289350e31/static/js/49721.fed21368.js:0:467372)
    at R (https://cdn.jotfor.ms/s/headerapp/99289350e31/static/js/49721.fed21368.js:0:467893)
[    6210ms] Uncaught Error: Minified React error #418; visit https://reactjs.org/docs/error-decoder.html?invariant=418 for the full message or use the non-minified dev environment for full errors and additional helpful warnings.
    at iy (https://cdn.jotfor.ms/s/headerapp/99289350e31/static/js/49721.fed21368.js:0:368539)
    at u (https://cdn.jotfor.ms/s/headerapp/99289350e31/static/js/49721.fed21368.js:0:443042)
    at sM (https://cdn.jotfor.ms/s/headerapp/99289350e31/static/js/49721.fed21368.js:0:421026)
    at sI (https://cdn.jotfor.ms/s/headerapp/99289350e31/static/js/49721.fed21368.js:0:420896)
    at sS (https://cdn.jotfor.ms/s/headerapp/99289350e31/static/js/49721.fed21368.js:0:415969)
    at k (https://cdn.jotfor.ms/s/headerapp/99289350e31/static/js/49721.fed21368.js:0:467372)
    at R (https://cdn.jotfor.ms/s/headerapp/99289350e31/static/js/49721.fed21368.js:0:467893)
[    6210ms] Uncaught Error: Minified React error #423; visit https://reactjs.org/docs/error-decoder.html?invariant=423 for the full message or use the non-minified dev environment for full errors and additional helpful warnings.
    at u (https://cdn.jotfor.ms/s/headerapp/99289350e31/static/js/49721.fed21368.js:0:442701)
    at sM (https://cdn.jotfor.ms/s/headerapp/99289350e31/static/js/49721.fed21368.js:0:421026)
    at sI (https://cdn.jotfor.ms/s/headerapp/99289350e31/static/js/49721.fed21368.js:0:420896)
    at sE (https://cdn.jotfor.ms/s/headerapp/99289350e31/static/js/49721.fed21368.js:0:417667)
    at sS (https://cdn.jotfor.ms/s/headerapp/99289350e31/static/js/49721.fed21368.js:0:416222)
    at k (https://cdn.jotfor.ms/s/headerapp/99289350e31/static/js/49721.fed21368.js:0:467372)
    at R (https://cdn.jotfor.ms/s/headerapp/99289350e31/static/js/49721.fed21368.js:0:467893)
[    6780ms] [WARNING] [GSI_LOGGER]: Your client application uses one of the Google One Tap prompt UI status methods that may stop functioning when FedCM becomes mandatory. Refer to the migration guide to update your code accordingly and opt-in to FedCM to test your changes. Learn more: https://developers.google.com/identity/gsi/web/guides/fedcm-migration?s=dc#display_moment and https://developers.google.com/identity/gsi/web/guides/fedcm-migration?s=dc#skipped_moment @ https://accounts.google.com/gsi/client:80
[   18117ms] [ERROR] Error retrieving a token. @ https://www.jotform.com/workspace/:0
[   20714ms] [ERROR] Access to image at 'https://cdn.jotfor.ms//assets/img/favicons/favicon-2021-light.png?v=0.2' from origin 'https://www.jotform.com' has been blocked by CORS policy: No 'Access-Control-Allow-Origin' header is present on the requested resource. @ about:srcdoc:0
[   20715ms] [ERROR] Failed to load resource: net::ERR_FAILED @ https://cdn.jotfor.ms//assets/img/favicons/favicon-2021-light.png?v=0.2:0
[   27065ms] [WARNING] Deprecation warning: value provided is not in a recognized RFC2822 or ISO format. moment construction falls back to js Date(), which is not reliable across all browsers and versions. Non RFC2822/ISO date formats are discouraged. Please refer to http://momentjs.com/guides/#/warnings/js-date/ for more info.
Arguments: 
[0] _isAMomentObject: true, _isUTC: false, _useUTC: false, _l: undefined, _i:  Invalid date, _f: undefined, _strict: undefined, _locale: [object Object]
Error
    at M.createFromInputFallback (https://cdn.jotfor.ms/s/vendor/static/moment/2.29.4/moment-with-locales.min.js:1:3257)
    at Ea (https://cdn.jotfor.ms/s/vendor/static/moment/2.29.4/moment-with-locales.min.js:1:21634)
    at Fa (https://cdn.jotfor.ms/s/vendor/static/moment/2.29.4/moment-with-locales.min.js:1:22211)
    at S (https://cdn.jotfor.ms/s/vendor/static/moment/2.29.4/moment-with-locales.min.js:1:22294)
    at M (https://cdn.jotfor.ms/s/vendor/static/moment/2.29.4/moment-with-locales.min.js:1:207)
    at Object.serverTimezoneOffset (https://cdn.jotfor.ms/s/listings/6e3786a0ada/static/js/index.161c1f95.js:7253:85805)
    at Object.dateToMoment (https://cdn.jotfor.ms/s/listings/6e3786a0ada/static/js/index.161c1f95.js:7253:85558)
    at _f (https://cdn.jotfor.ms/s/listings/6e3786a0ada/static/js/InboxWrapper.8d2c60b2.js:704:17308)
    at https://cdn.jotfor.ms/s/listings/6e3786a0ada/static/js/InboxWrapper.8d2c60b2.js:704:24526
    at _N (https://cdn.jotfor.ms/s/listings/6e3786a0ada/static/js/InboxWrapper.8d2c60b2.js:704:24615)
    at ih (https://cdn.jotfor.ms/s/listings/6e3786a0ada/static/js/75649.90c4f13f.js:1:879059)
    at l (https://cdn.jotfor.ms/s/listings/6e3786a0ada/static/js/75649.90c4f13f.js:1:939919)
    at sL (https://cdn.jotfor.ms/s/listings/6e3786a0ada/static/js/75649.90c4f13f.js:1:919596)
    at sS (https://cdn.jotfor.ms/s/listings/6e3786a0ada/static/js/75649.90c4f13f.js:1:914663)
    at E (https://cdn.jotfor.ms/s/listings/6e3786a0ada/static/js/75649.90c4f13f.js:1:1179174)
    at MessagePort.A (https://cdn.jotfor.ms/s/listings/6e3786a0ada/static/js/75649.90c4f13f.js:1:1179695) @ https://cdn.jotfor.ms/s/listings/6e3786a0ada/static/js/75649.90c4f13f.js:18
