[    1058ms] [WARNING] Replay is disabled because neither `replaysSessionSampleRate` nor `replaysOnErrorSampleRate` are set. @ https://reporting-oc4a6c7t8.vercel.zapier-deployment.com/_next/static/chunks/pages/_app-b6bb7a63d0f6083d.js:27
[    8999ms] [WARNING] [TikTok Pixel] - Duplicate Pixel ID
Issue: The pixel ID is duplicate. This could impact the pixel data accuracy.
Suggestion: Please double check and delete any unnecessary pixel code. @ https://reporting-oc4a6c7t8.vercel.zapier-deployment.com/_next/static/chunks/pages/_app-b6bb7a63d0f6083d.js:23
[    9087ms] [WARNING] [TikTok Pixel] - Duplicate Pixel ID
Issue: The pixel ID is duplicate. This could impact the pixel data accuracy.
Suggestion: Please double check and delete any unnecessary pixel code. @ https://reporting-oc4a6c7t8.vercel.zapier-deployment.com/_next/static/chunks/pages/_app-b6bb7a63d0f6083d.js:23
[  111191ms] [WARNING] Replay is disabled because neither `replaysSessionSampleRate` nor `replaysOnErrorSampleRate` are set. @ https://reporting-oc4a6c7t8.vercel.zapier-deployment.com/_next/static/chunks/pages/_app-b6bb7a63d0f6083d.js:27
[  118659ms] [WARNING] [TikTok Pixel] - Duplicate Pixel ID
Issue: The pixel ID is duplicate. This could impact the pixel data accuracy.
Suggestion: Please double check and delete any unnecessary pixel code. @ https://reporting-oc4a6c7t8.vercel.zapier-deployment.com/_next/static/chunks/pages/_app-b6bb7a63d0f6083d.js:23
[  118812ms] [WARNING] [TikTok Pixel] - Duplicate Pixel ID
Issue: The pixel ID is duplicate. This could impact the pixel data accuracy.
Suggestion: Please double check and delete any unnecessary pixel code. @ https://reporting-oc4a6c7t8.vercel.zapier-deployment.com/_next/static/chunks/pages/_app-b6bb7a63d0f6083d.js:23
[  670943ms] [WARNING] Replay is disabled because neither `replaysSessionSampleRate` nor `replaysOnErrorSampleRate` are set. @ https://reporting-oc4a6c7t8.vercel.zapier-deployment.com/_next/static/chunks/pages/_app-b6bb7a63d0f6083d.js:27
[  673805ms] [ERROR] Failed to load resource: the server responded with a status of 429 () @ https://o23399.ingest.us.sentry.io/api/4507930377060352/envelope/?sentry_version=7&sentry_key=9d066526f520f2b712e6088c7355ddc8&sentry_client=sentry.javascript.nextjs%2F9.47.1:0
[  675113ms] [WARNING] CopilotProvider: No handoff tool added because registry and copilotId are required @ https://zapier.com/editor/_next/static/chunks/lib-5738.df1ba81d76cf48c2.js:42
[  681751ms] [ERROR] Refused to set unsafe header "cookie" @ https://zapier.com/editor/_next/static/chunks/9238-819d7d1cdc501879.js:2
[  696489ms] [ERROR]  Failed to fetch needs for step _GEN_1772935040729. Custom needs could not be retrieved. Error: Custom needs could not be retrieved.
    at https://zapier.com/editor/_next/static/chunks/app-8538.639c9292ab908a31.js:1:687266
    at https://zapier.com/editor/_next/static/chunks/7681-f6097bc7ae14f0f5.js:1:136570
    at Generator.<anonymous> (https://zapier.com/editor/_next/static/chunks/7681-f6097bc7ae14f0f5.js:1:83444)
    at Generator.next (https://zapier.com/editor/_next/static/chunks/7681-f6097bc7ae14f0f5.js:1:165846)
    at n (https://zapier.com/editor/_next/static/chunks/9238-819d7d1cdc501879.js:10:38130)
    at s (https://zapier.com/editor/_next/static/chunks/9238-819d7d1cdc501879.js:10:38332) @ https://zapier.com/editor/_next/static/chunks/9238-819d7d1cdc501879.js:9
[  697568ms] [ERROR] Failed to load resource: the server responded with a status of 404 () @ https://appcustomextensions.zapier.com/api/v1/app/status/?selected_api=App178572CLIAPI%401.4.0:0
[  700234ms] [WARNING] Failed to execute 'postMessage' on 'DOMWindow': The target origin provided ('https://www.google.com') does not match the recipient window's origin ('https://zapier.com'). @ https://www.googletagmanager.com/gtm.js?id=GTM-K7GFJTV:887
[  700234ms] [WARNING] Failed to execute 'postMessage' on 'DOMWindow': The target origin provided ('https://www.youtube.com') does not match the recipient window's origin ('https://zapier.com'). @ https://www.googletagmanager.com/gtm.js?id=GTM-K7GFJTV:887
[  700234ms] [WARNING] Failed to execute 'postMessage' on 'DOMWindow': The target origin provided ('https://m.youtube.com') does not match the recipient window's origin ('https://zapier.com'). @ https://www.googletagmanager.com/gtm.js?id=GTM-K7GFJTV:887
[  700381ms] [WARNING] Failed to execute 'postMessage' on 'DOMWindow': The target origin provided ('https://ads.reddit.com') does not match the recipient window's origin ('https://zapier.com'). @ https://www.redditstatic.com/ads/pixel.js:0
