[     315ms] [WARNING] CopilotProvider: No handoff tool added because registry and copilotId are required @ https://zapier.com/editor/_next/static/chunks/lib-5738.df1ba81d76cf48c2.js:42
[     399ms] [WARNING] CopilotProvider: No handoff tool added because registry and copilotId are required @ https://zapier.com/editor/_next/static/chunks/lib-5738.df1ba81d76cf48c2.js:42
[     418ms] [WARNING] CopilotProvider: No handoff tool added because registry and copilotId are required @ https://zapier.com/editor/_next/static/chunks/lib-5738.df1ba81d76cf48c2.js:42
[     436ms] [WARNING] CopilotProvider: No handoff tool added because registry and copilotId are required @ https://zapier.com/editor/_next/static/chunks/lib-5738.df1ba81d76cf48c2.js:42
[    5970ms] [ERROR] Refused to set unsafe header "cookie" @ https://zapier.com/editor/_next/static/chunks/9238-819d7d1cdc501879.js:2
[  280018ms] [ERROR] Failed to load resource: the server responded with a status of 404 () @ https://appcustomextensions.zapier.com/api/v1/app/status/?selected_api=App178572CLIAPI%401.4.0:0
[  284893ms] [ERROR]  Failed to fetch needs for step _GEN_1772935040729. Custom needs could not be retrieved. Error: Custom needs could not be retrieved.
    at https://zapier.com/editor/_next/static/chunks/app-8538.639c9292ab908a31.js:1:687266
    at https://zapier.com/editor/_next/static/chunks/7681-f6097bc7ae14f0f5.js:1:136570
    at Generator.<anonymous> (https://zapier.com/editor/_next/static/chunks/7681-f6097bc7ae14f0f5.js:1:83444)
    at Generator.next (https://zapier.com/editor/_next/static/chunks/7681-f6097bc7ae14f0f5.js:1:165846)
    at n (https://zapier.com/editor/_next/static/chunks/9238-819d7d1cdc501879.js:10:38130)
    at s (https://zapier.com/editor/_next/static/chunks/9238-819d7d1cdc501879.js:10:38332) @ https://zapier.com/editor/_next/static/chunks/9238-819d7d1cdc501879.js:9
[  287175ms] [WARNING] Failed to execute 'postMessage' on 'DOMWindow': The target origin provided ('https://www.google.com') does not match the recipient window's origin ('https://zapier.com'). @ https://www.googletagmanager.com/gtm.js?id=GTM-K7GFJTV:887
[  287175ms] [WARNING] Failed to execute 'postMessage' on 'DOMWindow': The target origin provided ('https://www.youtube.com') does not match the recipient window's origin ('https://zapier.com'). @ https://www.googletagmanager.com/gtm.js?id=GTM-K7GFJTV:887
[  287176ms] [WARNING] Failed to execute 'postMessage' on 'DOMWindow': The target origin provided ('https://m.youtube.com') does not match the recipient window's origin ('https://zapier.com'). @ https://www.googletagmanager.com/gtm.js?id=GTM-K7GFJTV:887
[  287255ms] [WARNING] Failed to execute 'postMessage' on 'DOMWindow': The target origin provided ('https://ads.reddit.com') does not match the recipient window's origin ('https://zapier.com'). @ https://www.redditstatic.com/ads/pixel.js:0
[  327287ms] [WARNING]  Ably presence channel error e: Connection closed
    at e.fromValues (https://zapier.com/editor/_next/static/chunks/lib-1804.b8ee356c54eb2a68.js:1:4641)
    at Object.closed (https://zapier.com/editor/_next/static/chunks/lib-1804.b8ee356c54eb2a68.js:1:95149)
    at nD.close (https://zapier.com/editor/_next/static/chunks/lib-1804.b8ee356c54eb2a68.js:1:95924)
    at e.closeImpl (https://zapier.com/editor/_next/static/chunks/lib-1804.b8ee356c54eb2a68.js:1:124299)
    at e.requestState (https://zapier.com/editor/_next/static/chunks/lib-1804.b8ee356c54eb2a68.js:1:120532)
    at https://zapier.com/editor/_next/static/chunks/lib-1804.b8ee356c54eb2a68.js:1:104603 @ https://edge.fullstory.com/s/fs.js:3
