[    3501ms] [WARNING] No CSRF token found for JWT refresh @ https://assetmanagement-phqbqxbg4.vercel.zapier-deployment.com/_next/static/chunks/6bd47091ce76edf9.js:8
[    3608ms] [WARNING] [Universal Layout] No account menu config matched. This may cause logged-in users to see login/signup buttons. @ https://assetmanagement-phqbqxbg4.vercel.zapier-deployment.com/_next/static/chunks/6bd47091ce76edf9.js:8
[    3619ms] [WARNING] [Universal Layout] Session expired on /app/* - attempting refresh (1/2) @ https://assetmanagement-phqbqxbg4.vercel.zapier-deployment.com/_next/static/chunks/6bd47091ce76edf9.js:8
[    3660ms] [ERROR] Failed to load resource: the server responded with a status of 401 () @ https://zapier.com/api/asset-management-bff/trpc/folder.getSupportedAssets?batch=1&input=%7B%7D:0
[    3662ms] [ERROR] Failed to load resource: the server responded with a status of 429 () @ https://o23399.ingest.us.sentry.io/api/4507930377060352/envelope/?sentry_version=7&sentry_key=9d066526f520f2b712e6088c7355ddc8&sentry_client=sentry.javascript.nextjs%2F9.47.1:0
[    3663ms] [ERROR] Failed to load resource: the server responded with a status of 429 () @ https://o23399.ingest.us.sentry.io/api/4507930377060352/envelope/?sentry_version=7&sentry_key=9d066526f520f2b712e6088c7355ddc8&sentry_client=sentry.javascript.nextjs%2F9.47.1:0
[    3678ms] [ERROR] Failed to load resource: the server responded with a status of 401 () @ https://zapier.com/api/asset-management-bff/trpc/user.user,account.account?batch=1&input=%7B%7D:0
[    3899ms] [ERROR] Failed to load resource: the server responded with a status of 401 () @ https://zapier.com/api/v1/access/permissions/:0
[    4134ms] [WARNING] [Universal Layout] No account menu config matched. This may cause logged-in users to see login/signup buttons. @ https://assetmanagement-phqbqxbg4.vercel.zapier-deployment.com/_next/static/chunks/6bd47091ce76edf9.js:8
[    4210ms] [WARNING] Replay is disabled because neither `replaysSessionSampleRate` nor `replaysOnErrorSampleRate` are set. @ https://reporting-oc4a6c7t8.vercel.zapier-deployment.com/_next/static/chunks/pages/_app-b6bb7a63d0f6083d.js:27
[    4338ms] [WARNING] [Universal Layout] No account menu config matched. This may cause logged-in users to see login/signup buttons. @ https://assetmanagement-phqbqxbg4.vercel.zapier-deployment.com/_next/static/chunks/6bd47091ce76edf9.js:8
[    4848ms] [ERROR] Failed to load resource: the server responded with a status of 401 () @ https://zapier.com/api/asset-management-bff/trpc/folder.getSupportedAssets?batch=1&input=%7B%7D:0
[    4854ms] [ERROR] Failed to load resource: the server responded with a status of 401 () @ https://zapier.com/api/asset-management-bff/trpc/user.user,account.account?batch=1&input=%7B%7D:0
[    4984ms] [ERROR] Failed to load resource: the server responded with a status of 401 () @ https://zapier.com/api/v1/access/permissions/:0
[    7024ms] [ERROR] Failed to load resource: the server responded with a status of 401 () @ https://zapier.com/api/asset-management-bff/trpc/folder.getSupportedAssets?batch=1&input=%7B%7D:0
[    7047ms] [ERROR] Failed to load resource: the server responded with a status of 401 () @ https://zapier.com/api/asset-management-bff/trpc/user.user,account.account?batch=1&input=%7B%7D:0
[    7066ms] [ERROR] Failed to load resource: the server responded with a status of 401 () @ https://zapier.com/api/v1/access/permissions/:0
[    8542ms] [WARNING] Unable to emit event: TypeError: Failed to fetch (zapier.com)
    at https://assetmanagement-phqbqxbg4.vercel.zapier-deployment.com/_next/static/chunks/6bd47091ce76edf9.js:9:1758
    at s (https://assetmanagement-phqbqxbg4.vercel.zapier-deployment.com/_next/static/chunks/bb54674b4a7422e4.js:449:20537)
    at https://assetmanagement-phqbqxbg4.vercel.zapier-deployment.com/_next/static/chunks/eed92b399e8959a9.js:1:6480
    at Generator.next (<anonymous>)
    at https://assetmanagement-phqbqxbg4.vercel.zapier-deployment.com/_next/static/chunks/eed92b399e8959a9.js:1:4169
    at new Promise (<anonymous>)
    at n (https://assetmanagement-phqbqxbg4.vercel.zapier-deployment.com/_next/static/chunks/eed92b399e8959a9.js:1:3918)
    at r.emit (https://assetmanagement-phqbqxbg4.vercel.zapier-deployment.com/_next/static/chunks/eed92b399e8959a9.js:1:4791)
    at eD (https://assetmanagement-phqbqxbg4.vercel.zapier-deployment.com/_next/static/chunks/bb54674b4a7422e4.js:1:76968)
    at d (https://assetmanagement-phqbqxbg4.vercel.zapier-deployment.com/_next/static/chunks/bb54674b4a7422e4.js:384:22470)
    at onClick (https://assetmanagement-phqbqxbg4.vercel.zapier-deployment.com/_next/static/chunks/bb54674b4a7422e4.js:384:22867)
    at uJ (https://assetmanagement-phqbqxbg4.vercel.zapier-deployment.com/_next/static/chunks/6bd47091ce76edf9.js:22:205095)
    at https://assetmanagement-phqbqxbg4.vercel.zapier-deployment.com/_next/static/chunks/6bd47091ce76edf9.js:22:210983
    at tD (https://assetmanagement-phqbqxbg4.vercel.zapier-deployment.com/_next/static/chunks/6bd47091ce76edf9.js:22:73590)
    at u3 (https://assetmanagement-phqbqxbg4.vercel.zapier-deployment.com/_next/static/chunks/6bd47091ce76edf9.js:22:206328)
    at dx (https://assetmanagement-phqbqxbg4.vercel.zapier-deployment.com/_next/static/chunks/6bd47091ce76edf9.js:22:242294)
    at dN (https://assetmanagement-phqbqxbg4.vercel.zapier-deployment.com/_next/static/chunks/6bd47091ce76edf9.js:22:242116)
    at HTMLDocument.n (https://assetmanagement-phqbqxbg4.vercel.zapier-deployment.com/_next/static/chunks/6bd47091ce76edf9.js:6:4645) @ https://assetmanagement-phqbqxbg4.vercel.zapier-deployment.com/_next/static/chunks/6bd47091ce76edf9.js:8
[    9153ms] [WARNING] This package has been deprecated. We strongly encourage if you are planning to use it for the first time, please use the new library Events-Toolkit-Browser: https://github.com/zapier/events-toolkit-js @ https://identity-olckg2emg.vercel.zapier-deployment.com/_next/static/chunks/pages/_app-781369722a054228.js:1331
[    9261ms] [WARNING] Deprecated API for given entry type. @ https://identity-olckg2emg.vercel.zapier-deployment.com/_next/static/chunks/pages/_app-781369722a054228.js:1150
[    9372ms] [ERROR] Failed to load resource: the server responded with a status of 401 () @ https://zapier.com/api/v3/profiles:0
[    9461ms] [ERROR] Failed to load resource: the server responded with a status of 404 () @ https://zapier.com/_next/data/identity-9c37893be56b92a3eb28a81873785659befd61e0/sign-up.json:0
[   11143ms] [ERROR] Failed to load resource: the server responded with a status of 429 () @ https://o23399.ingest.sentry.io/api/5949244/envelope/?sentry_version=7&sentry_key=44538d18b58d4a709fa09a409e48e6bc&sentry_client=sentry.javascript.nextjs%2F9.47.1:0
[   16703ms] [WARNING] [TikTok Pixel] - Duplicate Pixel ID
Issue: The pixel ID is duplicate. This could impact the pixel data accuracy.
Suggestion: Please double check and delete any unnecessary pixel code. @ https://identity-olckg2emg.vercel.zapier-deployment.com/_next/static/chunks/pages/_app-781369722a054228.js:1331
[   16880ms] [WARNING] [TikTok Pixel] - Duplicate Pixel ID
Issue: The pixel ID is duplicate. This could impact the pixel data accuracy.
Suggestion: Please double check and delete any unnecessary pixel code. @ https://identity-olckg2emg.vercel.zapier-deployment.com/_next/static/chunks/pages/_app-781369722a054228.js:1331
[   24013ms] [ERROR] Failed to load resource: the server responded with a status of 401 () @ https://zapier.com/api/v3/login:0
[   32387ms] [ERROR] Failed to load resource: the server responded with a status of 404 () @ https://zapier.com/_next/data/identity-9c37893be56b92a3eb28a81873785659befd61e0/app/home.json:0
[   32391ms] [ERROR] Error: Failed to load static props
    at https://identity-olckg2emg.vercel.zapier-deployment.com/_next/static/chunks/main-5a10b5caeb27081b.js:1:67493 @ https://identity-olckg2emg.vercel.zapier-deployment.com/_next/static/chunks/pages/_app-781369722a054228.js:1331
[   33135ms] [WARNING] Replay is disabled because neither `replaysSessionSampleRate` nor `replaysOnErrorSampleRate` are set. @ https://reporting-oc4a6c7t8.vercel.zapier-deployment.com/_next/static/chunks/pages/_app-b6bb7a63d0f6083d.js:27
[   33448ms] [WARNING] CopilotProvider: No handoff tool added because registry and copilotId are required @ https://memberhome-lgf2cfyy4.vercel.zapier-deployment.com/_next/static/chunks/pages/_app-e6beb769fa1adba9.js:17
[   33493ms] [WARNING] submitDisabled, submitDisabledMessage, and submitDisabledIcon props are deprecated. These props have no effect.. @ https://memberhome-lgf2cfyy4.vercel.zapier-deployment.com/_next/static/chunks/pages/_app-e6beb769fa1adba9.js:17
[   33517ms] [WARNING] CopilotProvider: No handoff tool added because registry and copilotId are required @ https://memberhome-lgf2cfyy4.vercel.zapier-deployment.com/_next/static/chunks/pages/_app-e6beb769fa1adba9.js:17
[   33600ms] [WARNING] CopilotProvider: No handoff tool added because registry and copilotId are required @ https://memberhome-lgf2cfyy4.vercel.zapier-deployment.com/_next/static/chunks/pages/_app-e6beb769fa1adba9.js:17
[   33629ms] [WARNING] Replay is disabled because neither `replaysSessionSampleRate` nor `replaysOnErrorSampleRate` are set. @ https://reporting-oc4a6c7t8.vercel.zapier-deployment.com/_next/static/chunks/pages/_app-b6bb7a63d0f6083d.js:27
[   41166ms] [WARNING] [TikTok Pixel] - Duplicate Pixel ID
Issue: The pixel ID is duplicate. This could impact the pixel data accuracy.
Suggestion: Please double check and delete any unnecessary pixel code. @ https://memberhome-lgf2cfyy4.vercel.zapier-deployment.com/_next/static/chunks/pages/_app-e6beb769fa1adba9.js:17
[   41272ms] [WARNING] [TikTok Pixel] - Duplicate Pixel ID
Issue: The pixel ID is duplicate. This could impact the pixel data accuracy.
Suggestion: Please double check and delete any unnecessary pixel code. @ https://memberhome-lgf2cfyy4.vercel.zapier-deployment.com/_next/static/chunks/pages/_app-e6beb769fa1adba9.js:17
